<?xml version="1.0" encoding="UTF-8"?>
<!-- Generated by org.testng.reporters.JUnitXMLReporter -->
<testsuite ignored="0" hostname="VritikaVrishang" failures="0" tests="1" name="Dunblare Login Test " time="0.083" errors="0" timestamp="2022-07-07T19:57:02 IST">
  <testcase classname="com.Dunblare.testCases.BaseClass" name="@BeforeClass setup" time="-1.657204022017E9">
    <failure type="org.testng.TestNGException" message="
Parameter &amp;apos;browse&amp;apos; is required by BeforeClass on method setup but has not been marked @Optional or defined
in D:\Download\Testing\Testing Programs\Dunblare\TestNG.xml">
      <![CDATA[org.testng.TestNGException: 
Parameter 'browse' is required by BeforeClass on method setup but has not been marked @Optional or defined
in D:\Download\Testing\Testing Programs\Dunblare\TestNG.xml
at java.base/java.util.ArrayList.forEach(ArrayList.java:1511)
... Removed 22 stack frames]]>
    </failure>
  </testcase> <!-- @BeforeClass setup -->
  <testcase classname="com.Dunblare.testCases.BaseClass" name="@AfterClass tearDown" time="0.0">
    <skipped/>
  </testcase> <!-- @AfterClass tearDown -->
  <testcase classname="com.Dunblare.testCases.TC_LoginTest_001" name="LoginTest" time="0.0">
    <skipped/>
  </testcase> <!-- LoginTest -->
</testsuite> <!-- Dunblare Login Test  -->
